<?xml version="1.0" encoding="UTF-8"?>
<testsuites name="TC_Login" time="32.766" tests="2" failures="0" errors="0">
   <testsuite name="TC_Login" tests="2" failures="0" errors="0" time="32.766" skipped="0" timestamp="2023-02-14 18:57:18" hostname="User - DESKTOP-JDFFC2R" id="Test Suites/TC_Login">
      <properties>
         <property name="deviceName" value=""/>
         <property name="devicePlatform" value=""/>
         <property name="logFolder" value="C:\\YP\\Work\\Erajaya\\Test\\ErajayaTest\\Reports\\20230214_185704\\TC_Login\\20230214_185704"/>
         <property name="logFiles" value="C:\\YP\\Work\\Erajaya\\Test\\ErajayaTest\\Reports\\20230214_185704\\TC_Login\\20230214_185704\\execution0.log"/>
         <property name="attachments" value=""/>
         <property name="hostName" value="User - DESKTOP-JDFFC2R"/>
         <property name="os" value="Windows 10 64bit"/>
         <property name="katalonVersion" value="8.1.0.208"/>
         <property name="browser" value="Chrome 110.0.0.0"/>
         <property name="hostAddress" value="192.168.100.37"/>
         <property name="sessionId" value="c7a09a02c82d9868ccd953376c3cf65c"/>
         <property name="seleniumVersion" value="3.141.59"/>
         <property name="proxyInformation" value="ProxyInformation { proxyOption=NO_PROXY, proxyServerType=HTTP, username=, password=********, proxyServerAddress=, proxyServerPort=0, executionList=&quot;&quot;, isApplyToDesiredCapabilities=true }"/>
         <property name="platform" value="Windows 10"/>
      </properties>
      <testcase name="Test Cases/TC_1.1" time="15.306" classname="Test Cases/TC_1.1" status="PASSED">
         <system-out><![CDATA[2023-02-14 18:57:19 - [TEST_CASE][PASSED] - Test Cases/TC_1.1: Test Cases/TC_1.1

2023-02-14 18:57:20 - [TEST_STEP][PASSED] - openBrowser("https://katalon-demo-cura.herokuapp.com/"): Browser is opened with url: 'https://katalon-demo-cura.herokuapp.com/'

2023-02-14 18:57:20 - [MESSAGE][INFO] - Starting 'Chrome' driver

2023-02-14 18:57:20 - [MESSAGE][INFO] - Action delay is set to 0 milliseconds

2023-02-14 18:57:30 - [MESSAGE][PASSED] - Browser is opened with url: 'https://katalon-demo-cura.herokuapp.com/'

2023-02-14 18:57:30 - [TEST_STEP][PASSED] - click(findTestObject("Login-Appointment/Page_CURA Healthcare Service/button-bars-for-login")): Object: 'Object Repository/Login-Appointment/Page_CURA Healthcare Service/button-bars-for-login' is clicked on

2023-02-14 18:57:30 - [MESSAGE][PASSED] - Object: 'Object Repository/Login-Appointment/Page_CURA Healthcare Service/button-bars-for-login' is clicked on

2023-02-14 18:57:30 - [TEST_STEP][PASSED] - click(findTestObject("Login-Appointment/Page_CURA Healthcare Service/button_Login_awal")): Object: 'Object Repository/Login-Appointment/Page_CURA Healthcare Service/button_Login_awal' is clicked on

2023-02-14 18:57:31 - [MESSAGE][PASSED] - Object: 'Object Repository/Login-Appointment/Page_CURA Healthcare Service/button_Login_awal' is clicked on

2023-02-14 18:57:31 - [TEST_STEP][PASSED] - setText(findTestObject("Login-Appointment/Page_CURA Healthcare Service/input_Username_username"), "John Die"): Text 'John Die' is set on object 'Object Repository/Login-Appointment/Page_CURA Healthcare Service/input_Username_username'

2023-02-14 18:57:32 - [MESSAGE][PASSED] - Text 'John Die' is set on object 'Object Repository/Login-Appointment/Page_CURA Healthcare Service/input_Username_username'

2023-02-14 18:57:32 - [TEST_STEP][PASSED] - setEncryptedText(findTestObject("Login-Appointment/Page_CURA Healthcare Service/input_Password_password"), "3Z9vEXbPUsD5eDQOwLR1+w=="): Text ****** has been set on object 'Object Repository/Login-Appointment/Page_CURA Healthcare Service/input_Password_password'

2023-02-14 18:57:33 - [MESSAGE][PASSED] - Text ****** has been set on object 'Object Repository/Login-Appointment/Page_CURA Healthcare Service/input_Password_password'

2023-02-14 18:57:33 - [TEST_STEP][PASSED] - click(findTestObject("Login-Appointment/Page_CURA Healthcare Service/button_Login_dalam")): Object: 'Object Repository/Login-Appointment/Page_CURA Healthcare Service/button_Login_dalam' is clicked on

2023-02-14 18:57:34 - [MESSAGE][PASSED] - Object: 'Object Repository/Login-Appointment/Page_CURA Healthcare Service/button_Login_dalam' is clicked on]]></system-out>
         <system-err><![CDATA[]]></system-err>
      </testcase>
      <testcase name="Test Cases/TC_1.2" time="15.949" classname="Test Cases/TC_1.2" status="PASSED">
         <system-out><![CDATA[2023-02-14 18:57:34 - [TEST_CASE][PASSED] - Test Cases/TC_1.2: Test Cases/TC_1.2

2023-02-14 18:57:35 - [TEST_STEP][PASSED] - openBrowser("https://katalon-demo-cura.herokuapp.com/"): Browser is opened with url: 'https://katalon-demo-cura.herokuapp.com/'

2023-02-14 18:57:35 - [MESSAGE][WARNING] - A browser is already opened. Closing browser and opening a new one

2023-02-14 18:57:36 - [MESSAGE][INFO] - Starting 'Chrome' driver

2023-02-14 18:57:36 - [MESSAGE][INFO] - Action delay is set to 0 milliseconds

2023-02-14 18:57:44 - [MESSAGE][PASSED] - Browser is opened with url: 'https://katalon-demo-cura.herokuapp.com/'

2023-02-14 18:57:44 - [TEST_STEP][PASSED] - click(findTestObject("Login-Appointment/Page_CURA Healthcare Service/button-bars-for-login")): Object: 'Object Repository/Login-Appointment/Page_CURA Healthcare Service/button-bars-for-login' is clicked on

2023-02-14 18:57:44 - [MESSAGE][PASSED] - Object: 'Object Repository/Login-Appointment/Page_CURA Healthcare Service/button-bars-for-login' is clicked on

2023-02-14 18:57:44 - [TEST_STEP][PASSED] - click(findTestObject("Login-Appointment/Page_CURA Healthcare Service/button_Login_awal")): Object: 'Object Repository/Login-Appointment/Page_CURA Healthcare Service/button_Login_awal' is clicked on

2023-02-14 18:57:46 - [MESSAGE][PASSED] - Object: 'Object Repository/Login-Appointment/Page_CURA Healthcare Service/button_Login_awal' is clicked on

2023-02-14 18:57:46 - [TEST_STEP][PASSED] - setText(findTestObject("Login-Appointment/Page_CURA Healthcare Service/input_Username_username"), "John Doe"): Text 'John Doe' is set on object 'Object Repository/Login-Appointment/Page_CURA Healthcare Service/input_Username_username'

2023-02-14 18:57:47 - [MESSAGE][PASSED] - Text 'John Doe' is set on object 'Object Repository/Login-Appointment/Page_CURA Healthcare Service/input_Username_username'

2023-02-14 18:57:47 - [TEST_STEP][PASSED] - setEncryptedText(findTestObject("Login-Appointment/Page_CURA Healthcare Service/input_Password_password"), "g3/DOGG74jC3Flrr3yH+3D/yKbOqqUNM"): Text ****** has been set on object 'Object Repository/Login-Appointment/Page_CURA Healthcare Service/input_Password_password'

2023-02-14 18:57:47 - [MESSAGE][PASSED] - Text ****** has been set on object 'Object Repository/Login-Appointment/Page_CURA Healthcare Service/input_Password_password'

2023-02-14 18:57:47 - [TEST_STEP][PASSED] - click(findTestObject("Login-Appointment/Page_CURA Healthcare Service/button_Login_dalam")): Object: 'Object Repository/Login-Appointment/Page_CURA Healthcare Service/button_Login_dalam' is clicked on

2023-02-14 18:57:49 - [MESSAGE][PASSED] - Object: 'Object Repository/Login-Appointment/Page_CURA Healthcare Service/button_Login_dalam' is clicked on

2023-02-14 18:57:49 - [TEST_STEP][PASSED] - closeBrowser(): Browser is closed

2023-02-14 18:57:50 - [MESSAGE][PASSED] - Browser is closed]]></system-out>
         <system-err><![CDATA[]]></system-err>
      </testcase>
      <system-out><![CDATA[2023-02-14 18:57:18 - [TEST_SUITE][PASSED] - TC_Login: Test Cases/TC_1.2]]></system-out>
      <system-err><![CDATA[]]></system-err>
   </testsuite>
</testsuites>
